TN:
SF:src/App.tsx
FN:16,App
FNF:1
FNH:1
FNDA:1,App
DA:1,1
DA:2,1
DA:4,1
DA:5,1
DA:6,1
DA:8,1
DA:9,1
DA:10,1
DA:11,1
DA:12,1
DA:13,1
DA:14,1
DA:16,1
DA:17,1
DA:18,1
DA:19,1
DA:21,1
DA:22,1
DA:23,1
DA:25,1
DA:26,1
DA:27,1
DA:29,1
DA:32,1
LF:24
LH:24
BRDA:16,0,0,1
BRF:1
BRH:1
end_of_record
TN:
SF:src/main.tsx
FNF:0
FNH:0
DA:1,1
DA:2,1
DA:3,1
DA:4,1
DA:6,1
DA:7,1
DA:8,1
DA:9,1
DA:10,1
LF:9
LH:9
BRF:0
BRH:0
end_of_record
TN:
SF:src/vite-env.d.ts
FN:1,(empty-report)
FNF:1
FNH:1
FNDA:1,(empty-report)
LF:0
LH:0
BRDA:1,0,0,1
BRF:1
BRH:1
end_of_record
TN:
SF:src/components/PatternCanvas/GridLines.tsx
FN:9,GridLines
FNF:1
FNH:1
FNDA:3,GridLines
DA:1,1
DA:9,1
DA:10,3
DA:12,3
DA:13,9
DA:14,9
DA:15,9
DA:16,9
DA:17,9
DA:18,9
DA:19,9
DA:20,9
DA:21,9
DA:22,9
DA:23,9
DA:25,3
DA:26,9
DA:27,9
DA:28,9
DA:29,9
DA:30,9
DA:31,9
DA:32,9
DA:33,9
DA:34,9
DA:35,9
DA:36,9
DA:38,3
DA:39,3
DA:41,1
LF:30
LH:30
BRDA:9,0,0,3
BRDA:12,1,0,9
BRDA:19,2,0,3
BRDA:19,3,0,6
BRDA:20,4,0,3
BRDA:20,5,0,6
BRDA:25,6,0,9
BRDA:32,7,0,3
BRDA:32,8,0,6
BRDA:33,9,0,3
BRDA:33,10,0,6
BRF:11
BRH:11
end_of_record
TN:
SF:src/components/PatternCanvas/PatternCanvas.tsx
FN:13,PatternCanvas
FN:34,onDragEnd
FNF:2
FNH:1
FNDA:4,PatternCanvas
FNDA:0,onDragEnd
DA:1,1
DA:3,1
DA:4,1
DA:5,1
DA:11,1
DA:13,1
DA:14,4
DA:15,1
DA:16,1
DA:17,1
DA:19,3
DA:21,3
DA:23,3
DA:24,3
DA:25,3
DA:26,3
DA:27,3
DA:28,3
DA:29,3
DA:30,3
DA:31,3
DA:32,3
DA:33,3
DA:34,3
DA:35,0
DA:36,0
DA:37,0
DA:38,0
DA:39,0
DA:41,3
DA:42,3
DA:43,3
DA:44,3
DA:45,3
DA:46,6
DA:47,12
DA:48,12
DA:49,12
DA:50,12
DA:51,12
DA:52,12
DA:53,12
DA:54,12
DA:55,6
DA:56,3
DA:57,3
DA:58,3
DA:59,3
DA:61,3
DA:63,1
LF:50
LH:45
BRDA:13,0,0,4
BRDA:14,1,0,3
BRDA:14,2,0,1
BRDA:17,3,0,3
BRDA:45,4,0,6
BRDA:46,5,0,12
BRDA:52,6,0,0
BRF:7
BRH:6
end_of_record
TN:
SF:src/components/PatternCanvas/SymbolCell.tsx
FN:11,SymbolCell
FN:22,onClick
FNF:2
FNH:1
FNDA:12,SymbolCell
FNDA:0,onClick
DA:1,1
DA:11,1
DA:12,12
DA:13,12
DA:14,12
DA:15,12
DA:16,12
DA:17,12
DA:18,12
DA:19,12
DA:20,12
DA:21,12
DA:22,12
DA:23,12
DA:25,12
DA:27,1
LF:16
LH:16
BRDA:11,0,0,12
BRF:1
BRH:1
end_of_record
TN:
SF:src/components/PatternCanvas/types.ts
FN:1,(empty-report)
FNF:1
FNH:1
FNDA:1,(empty-report)
LF:0
LH:0
BRDA:1,0,0,1
BRF:1
BRH:1
end_of_record
TN:
SF:src/components/SettingsPanel/SettingsPanel.tsx
FN:6,SettingsPanel
FN:45,onKey
FN:76,handleCancel
FN:84,handleApply
FN:131,onClick
FN:148,onChange
FN:160,onChange
FNF:7
FNH:4
FNDA:20,SettingsPanel
FNDA:0,onKey
FNDA:3,handleCancel
FNDA:1,handleApply
FNDA:0,onClick
FNDA:3,onChange
FNDA:0,onChange
DA:1,1
DA:2,1
DA:3,1
DA:4,1
DA:6,1
DA:7,20
DA:8,20
DA:9,20
DA:10,20
DA:11,20
DA:12,20
DA:14,20
DA:16,20
DA:17,20
DA:18,20
DA:21,20
DA:22,20
DA:23,20
DA:25,20
DA:28,20
DA:29,6
DA:30,6
DA:31,6
DA:32,6
DA:33,6
DA:34,6
DA:35,6
DA:36,0
DA:37,0
DA:38,0
DA:39,0
DA:40,0
DA:41,20
DA:44,20
DA:45,6
DA:46,0
DA:47,0
DA:48,0
DA:49,0
DA:50,6
DA:51,6
DA:52,20
DA:55,20
DA:56,6
DA:57,0
DA:58,0
DA:59,0
DA:60,0
DA:61,0
DA:62,20
DA:64,20
DA:66,14
DA:67,14
DA:68,14
DA:69,14
DA:70,14
DA:72,14
DA:73,14
DA:74,14
DA:76,20
DA:77,3
DA:78,1
DA:79,1
DA:80,1
DA:81,2
DA:82,3
DA:84,20
DA:85,1
DA:86,1
DA:87,1
DA:88,1
DA:90,20
DA:91,20
DA:92,20
DA:93,20
DA:94,20
DA:95,20
DA:96,20
DA:98,20
DA:99,20
DA:100,20
DA:101,20
DA:102,20
DA:103,20
DA:104,20
DA:105,20
DA:106,20
DA:109,20
DA:110,20
DA:111,20
DA:112,20
DA:113,20
DA:115,20
DA:116,20
DA:119,20
DA:121,20
DA:122,20
DA:123,20
DA:124,42
DA:125,42
DA:126,42
DA:127,42
DA:128,14
DA:129,28
DA:130,42
DA:131,42
DA:133,42
DA:134,42
DA:135,20
DA:136,20
DA:137,20
DA:140,20
DA:141,20
DA:142,14
DA:143,14
DA:144,14
DA:145,14
DA:146,14
DA:147,14
DA:148,14
DA:150,14
DA:151,14
DA:152,14
DA:153,14
DA:154,14
DA:156,14
DA:157,14
DA:158,14
DA:159,14
DA:160,14
DA:161,14
DA:163,14
DA:164,14
DA:167,20
DA:168,0
DA:169,0
DA:170,0
DA:172,20
DA:173,20
DA:176,20
DA:177,20
DA:178,20
DA:179,20
DA:180,20
DA:182,20
DA:183,20
DA:184,20
DA:185,20
DA:186,20
DA:187,20
DA:188,20
DA:189,3
DA:190,11
DA:191,20
DA:192,20
DA:194,20
DA:195,20
DA:196,20
DA:197,20
DA:198,20
DA:199,20
DA:200,20
DA:202,1
LF:163
LH:146
BRDA:6,0,0,20
BRDA:64,1,0,6
BRDA:64,2,0,14
BRDA:74,3,0,11
BRDA:95,4,0,8
BRDA:95,5,0,6
BRDA:102,6,0,8
BRDA:102,7,0,6
BRDA:141,8,0,14
BRDA:167,9,0,0
BRDA:188,10,0,3
BRDA:189,11,0,11
BRDA:7,12,0,20
BRDA:8,13,0,20
BRDA:9,14,0,20
BRDA:10,15,0,20
BRDA:11,16,0,20
BRDA:12,17,0,20
BRDA:28,18,0,6
BRDA:35,19,0,0
BRDA:31,20,0,6
BRDA:44,21,0,6
BRDA:51,22,0,6
BRDA:55,23,0,6
BRDA:56,24,0,0
BRDA:76,25,0,3
BRDA:77,26,0,1
BRDA:80,27,0,2
BRDA:84,28,0,1
BRDA:123,29,0,42
BRDA:127,30,0,14
BRDA:128,31,0,28
BRDA:148,32,0,3
BRF:33
BRH:30
end_of_record
TN:
SF:src/components/SymbolKey/SymbolKey.tsx
FN:15,SymbolKey
FNF:1
FNH:1
FNDA:1,SymbolKey
DA:9,1
DA:10,1
DA:11,1
DA:12,1
DA:13,1
DA:15,1
DA:16,1
DA:17,1
DA:18,1
DA:19,1
DA:20,1
DA:22,1
DA:23,1
DA:24,1
DA:25,3
DA:26,3
DA:27,3
DA:28,3
DA:29,3
DA:30,3
DA:31,3
DA:33,3
DA:34,3
DA:35,3
DA:36,3
DA:37,3
DA:38,3
DA:39,3
DA:40,3
DA:41,3
DA:42,3
DA:43,3
DA:44,3
DA:45,3
DA:47,3
DA:48,3
DA:49,3
DA:50,3
DA:51,3
DA:52,3
DA:54,3
DA:55,3
DA:56,3
DA:57,1
DA:58,1
DA:59,1
DA:61,1
DA:63,1
LF:48
LH:48
BRDA:15,0,0,1
BRDA:24,1,0,3
BRDA:52,2,0,2
BRDA:52,3,0,1
BRF:4
BRH:4
end_of_record
TN:
SF:src/components/Toolbar/Toolbar.tsx
FN:14,Toolbar
FN:22,handleMouseDown
FN:30,handleMouseMove
FN:38,handleMouseUp
FN:64,onClick
FN:71,onClick
FN:78,onClick
FN:85,onClick
FN:103,onClick
FNF:9
FNH:9
FNDA:6,Toolbar
FNDA:1,handleMouseDown
FNDA:5,handleMouseMove
FNDA:5,handleMouseUp
FNDA:1,onClick
FNDA:1,onClick
FNDA:1,onClick
FNDA:1,onClick
FNDA:1,onClick
DA:1,1
DA:10,1
DA:11,1
DA:12,1
DA:14,1
DA:15,6
DA:16,6
DA:18,6
DA:19,6
DA:20,6
DA:22,6
DA:23,1
DA:24,1
DA:25,1
DA:26,1
DA:27,1
DA:28,1
DA:30,6
DA:31,5
DA:32,1
DA:33,1
DA:34,1
DA:35,1
DA:36,5
DA:38,6
DA:39,5
DA:40,5
DA:43,6
DA:44,5
DA:45,5
DA:46,5
DA:47,0
DA:48,0
DA:49,0
DA:50,6
DA:52,6
DA:53,6
DA:54,6
DA:55,6
DA:56,6
DA:57,6
DA:58,6
DA:59,6
DA:60,6
DA:62,6
DA:63,6
DA:64,6
DA:66,6
DA:68,6
DA:69,6
DA:70,6
DA:71,6
DA:73,6
DA:75,6
DA:76,6
DA:77,6
DA:78,6
DA:80,6
DA:82,6
DA:83,6
DA:84,6
DA:85,6
DA:87,6
DA:89,6
DA:90,6
DA:91,6
DA:92,6
DA:94,6
DA:95,0
DA:97,6
DA:99,6
DA:100,6
DA:101,6
DA:102,6
DA:103,6
DA:105,6
DA:107,6
DA:108,6
DA:110,6
DA:112,1
LF:80
LH:76
BRDA:14,0,0,6
BRDA:94,1,0,0
BRDA:99,2,0,0
BRDA:15,3,0,6
BRDA:16,4,0,6
BRDA:22,5,0,1
BRDA:30,6,0,5
BRDA:31,7,0,4
BRDA:31,8,0,1
BRDA:38,9,0,5
BRDA:43,10,0,5
BRDA:64,11,0,1
BRDA:71,12,0,1
BRDA:78,13,0,1
BRDA:85,14,0,1
BRDA:103,15,0,1
BRF:16
BRH:14
end_of_record
TN:
SF:src/hooks/useZoomPan.ts
FN:1,(empty-report)
FNF:1
FNH:0
FNDA:0,(empty-report)
DA:1,0
DA:3,0
DA:4,0
DA:5,0
DA:7,0
DA:8,0
DA:9,0
DA:10,0
DA:11,0
DA:12,0
DA:14,0
DA:15,0
DA:17,0
DA:18,0
DA:19,0
DA:20,0
DA:22,0
DA:23,0
DA:24,0
DA:25,0
DA:27,0
DA:28,0
DA:30,0
DA:31,0
DA:32,0
DA:33,0
DA:34,0
DA:35,0
DA:36,0
LF:29
LH:0
BRDA:1,0,0,0
BRF:1
BRH:0
end_of_record
TN:
SF:src/states/settingsStore.ts
FN:1,(empty-report)
FNF:1
FNH:0
FNDA:0,(empty-report)
DA:1,0
DA:16,0
DA:17,0
DA:18,0
DA:19,0
DA:20,0
DA:22,0
DA:23,0
DA:25,0
DA:26,0
DA:27,0
LF:11
LH:0
BRDA:1,0,0,0
BRF:1
BRH:0
end_of_record
TN:
SF:src/states/store.ts
FN:1,(empty-report)
FNF:1
FNH:0
FNDA:0,(empty-report)
DA:1,0
DA:10,0
DA:11,0
DA:12,0
DA:13,0
DA:14,0
DA:15,0
LF:7
LH:0
BRDA:1,0,0,0
BRF:1
BRH:0
end_of_record
TN:
SF:src/states/timerStore.ts
FN:1,(empty-report)
FNF:1
FNH:0
FNDA:0,(empty-report)
DA:1,0
DA:3,0
DA:4,0
DA:5,0
DA:6,0
DA:7,0
LF:6
LH:0
BRDA:1,0,0,0
BRF:1
BRH:0
end_of_record
