TN:
SF:src/App.tsx
FN:1,(empty-report)
FNF:1
FNH:0
FNDA:0,(empty-report)
DA:1,0
DA:2,0
DA:4,0
DA:5,0
DA:6,0
DA:8,0
DA:9,0
DA:10,0
DA:11,0
DA:12,0
DA:13,0
DA:14,0
DA:16,0
DA:17,0
DA:18,0
DA:19,0
DA:21,0
DA:22,0
DA:23,0
DA:25,0
DA:26,0
DA:27,0
DA:29,0
DA:32,0
LF:24
LH:0
BRDA:1,0,0,0
BRF:1
BRH:0
end_of_record
TN:
SF:src/main.tsx
FN:1,(empty-report)
FNF:1
FNH:0
FNDA:0,(empty-report)
DA:1,0
DA:2,0
DA:3,0
DA:4,0
DA:6,0
DA:7,0
DA:8,0
DA:9,0
DA:10,0
LF:9
LH:0
BRDA:1,0,0,0
BRF:1
BRH:0
end_of_record
TN:
SF:src/vite-env.d.ts
FN:1,(empty-report)
FNF:1
FNH:1
FNDA:1,(empty-report)
LF:0
LH:0
BRDA:1,0,0,1
BRF:1
BRH:1
end_of_record
TN:
SF:src/components/PatternCanvas/GridLines.tsx
FN:9,GridLines
FNF:1
FNH:1
FNDA:3,GridLines
DA:1,1
DA:9,1
DA:10,3
DA:12,3
DA:13,9
DA:14,9
DA:15,9
DA:16,9
DA:17,9
DA:18,9
DA:19,9
DA:20,9
DA:21,9
DA:22,9
DA:23,9
DA:25,3
DA:26,9
DA:27,9
DA:28,9
DA:29,9
DA:30,9
DA:31,9
DA:32,9
DA:33,9
DA:34,9
DA:35,9
DA:36,9
DA:38,3
DA:39,3
DA:41,1
LF:30
LH:30
BRDA:9,0,0,3
BRDA:12,1,0,9
BRDA:19,2,0,3
BRDA:19,3,0,6
BRDA:20,4,0,3
BRDA:20,5,0,6
BRDA:25,6,0,9
BRDA:32,7,0,3
BRDA:32,8,0,6
BRDA:33,9,0,3
BRDA:33,10,0,6
BRF:11
BRH:11
end_of_record
TN:
SF:src/components/PatternCanvas/PatternCanvas.tsx
FN:13,PatternCanvas
FN:33,onDragEnd
FNF:2
FNH:1
FNDA:4,PatternCanvas
FNDA:0,onDragEnd
DA:1,1
DA:3,1
DA:4,1
DA:5,1
DA:11,1
DA:13,1
DA:14,4
DA:15,1
DA:16,1
DA:17,1
DA:19,3
DA:21,3
DA:23,3
DA:24,3
DA:25,3
DA:26,3
DA:27,3
DA:28,3
DA:29,3
DA:30,3
DA:31,3
DA:32,3
DA:33,3
DA:34,0
DA:35,0
DA:36,0
DA:37,0
DA:38,0
DA:40,3
DA:41,3
DA:42,3
DA:43,3
DA:44,3
DA:45,6
DA:46,12
DA:47,12
DA:48,12
DA:49,12
DA:50,12
DA:51,12
DA:52,12
DA:53,12
DA:54,6
DA:55,3
DA:56,3
DA:58,3
DA:60,3
DA:62,1
LF:48
LH:43
BRDA:13,0,0,4
BRDA:14,1,0,3
BRDA:14,2,0,1
BRDA:17,3,0,3
BRDA:44,4,0,6
BRDA:45,5,0,12
BRDA:51,6,0,0
BRF:7
BRH:6
end_of_record
TN:
SF:src/components/PatternCanvas/SymbolCell.tsx
FN:11,SymbolCell
FN:22,onClick
FNF:2
FNH:1
FNDA:12,SymbolCell
FNDA:0,onClick
DA:1,1
DA:11,1
DA:12,12
DA:13,12
DA:14,12
DA:15,12
DA:16,12
DA:17,12
DA:18,12
DA:19,12
DA:20,12
DA:21,12
DA:22,12
DA:23,12
DA:25,12
DA:27,1
LF:16
LH:16
BRDA:11,0,0,12
BRF:1
BRH:1
end_of_record
TN:
SF:src/components/PatternCanvas/types.ts
FN:1,(empty-report)
FNF:1
FNH:1
FNDA:1,(empty-report)
LF:0
LH:0
BRDA:1,0,0,1
BRF:1
BRH:1
end_of_record
TN:
SF:src/components/SettingsPanel/SettingsPanel.tsx
FN:6,SettingsPanel
FN:47,onKey
FN:79,handleCancel
FN:87,handleApply
FN:133,onClick
FN:150,onChange
FN:162,onChange
FNF:7
FNH:2
FNDA:6,SettingsPanel
FNDA:0,onKey
FNDA:0,handleCancel
FNDA:0,handleApply
FNDA:0,onClick
FNDA:1,onChange
FNDA:0,onChange
DA:1,1
DA:2,1
DA:3,1
DA:4,1
DA:6,1
DA:7,6
DA:8,6
DA:9,6
DA:10,6
DA:11,6
DA:12,6
DA:14,6
DA:16,6
DA:17,6
DA:18,6
DA:21,6
DA:22,6
DA:23,6
DA:26,6
DA:29,6
DA:30,2
DA:31,2
DA:32,2
DA:33,2
DA:34,2
DA:35,2
DA:36,2
DA:37,0
DA:38,0
DA:39,0
DA:40,0
DA:41,0
DA:42,6
DA:46,6
DA:47,2
DA:48,0
DA:49,0
DA:50,0
DA:51,0
DA:52,2
DA:53,2
DA:54,6
DA:57,6
DA:58,2
DA:59,0
DA:60,0
DA:61,0
DA:62,0
DA:63,0
DA:64,6
DA:66,6
DA:68,4
DA:69,4
DA:70,4
DA:71,4
DA:72,4
DA:74,4
DA:75,4
DA:76,4
DA:79,6
DA:80,0
DA:81,0
DA:82,0
DA:83,0
DA:84,0
DA:85,0
DA:87,6
DA:88,0
DA:89,0
DA:90,0
DA:91,0
DA:93,6
DA:94,6
DA:95,6
DA:96,6
DA:97,6
DA:98,6
DA:100,6
DA:101,6
DA:102,6
DA:103,6
DA:104,6
DA:105,6
DA:106,6
DA:107,6
DA:108,6
DA:111,6
DA:112,6
DA:113,6
DA:114,6
DA:115,6
DA:117,6
DA:118,6
DA:121,6
DA:123,6
DA:124,6
DA:125,6
DA:126,12
DA:127,12
DA:128,12
DA:129,12
DA:130,4
DA:131,8
DA:132,12
DA:133,12
DA:135,12
DA:136,12
DA:137,6
DA:138,6
DA:139,6
DA:142,6
DA:143,6
DA:144,4
DA:145,4
DA:146,4
DA:147,4
DA:148,4
DA:149,4
DA:150,4
DA:152,4
DA:153,4
DA:154,4
DA:155,4
DA:156,4
DA:158,4
DA:159,4
DA:160,4
DA:161,4
DA:162,4
DA:163,4
DA:165,4
DA:166,4
DA:169,6
DA:170,0
DA:171,0
DA:172,0
DA:174,6
DA:175,6
DA:178,6
DA:179,6
DA:180,6
DA:181,6
DA:182,6
DA:184,6
DA:185,6
DA:186,6
DA:187,6
DA:188,6
DA:189,6
DA:190,6
DA:191,1
DA:192,3
DA:193,6
DA:194,6
DA:196,6
DA:197,6
DA:198,6
DA:199,6
DA:200,6
DA:201,6
DA:202,6
DA:204,1
LF:162
LH:135
BRDA:6,0,0,6
BRDA:66,1,0,2
BRDA:66,2,0,4
BRDA:76,3,0,3
BRDA:97,4,0,2
BRDA:97,5,0,2
BRDA:104,6,0,2
BRDA:104,7,0,2
BRDA:143,8,0,4
BRDA:169,9,0,0
BRDA:190,10,0,1
BRDA:191,11,0,3
BRDA:7,12,0,6
BRDA:8,13,0,6
BRDA:9,14,0,6
BRDA:10,15,0,6
BRDA:11,16,0,6
BRDA:12,17,0,6
BRDA:29,18,0,2
BRDA:36,19,0,0
BRDA:32,20,0,2
BRDA:46,21,0,2
BRDA:53,22,0,2
BRDA:57,23,0,2
BRDA:58,24,0,0
BRDA:125,25,0,12
BRDA:129,26,0,4
BRDA:130,27,0,8
BRDA:150,28,0,1
BRF:29
BRH:26
end_of_record
TN:
SF:src/components/SymbolKey/SymbolKey.tsx
FN:15,SymbolKey
FNF:1
FNH:1
FNDA:1,SymbolKey
DA:9,1
DA:10,1
DA:11,1
DA:12,1
DA:13,1
DA:15,1
DA:16,1
DA:17,1
DA:18,1
DA:19,1
DA:20,1
DA:21,3
DA:22,3
DA:23,3
DA:24,3
DA:25,3
DA:26,3
DA:27,3
DA:29,3
DA:30,3
DA:31,3
DA:32,3
DA:33,3
DA:34,3
DA:35,3
DA:36,3
DA:37,3
DA:38,3
DA:39,3
DA:40,3
DA:41,3
DA:43,3
DA:44,3
DA:45,3
DA:46,3
DA:47,3
DA:48,3
DA:50,3
DA:51,3
DA:52,3
DA:53,1
DA:54,1
DA:55,1
DA:57,1
DA:59,1
LF:45
LH:45
BRDA:15,0,0,1
BRDA:20,1,0,3
BRDA:48,2,0,2
BRDA:48,3,0,1
BRF:4
BRH:4
end_of_record
TN:
SF:src/components/Toolbar/Toolbar.tsx
FN:15,Toolbar
FN:23,handleMouseDown
FN:31,handleMouseMove
FN:39,handleMouseUp
FN:64,onClick
FN:71,onClick
FN:78,onClick
FN:85,onClick
FN:103,onClick
FNF:9
FNH:1
FNDA:1,Toolbar
FNDA:0,handleMouseDown
FNDA:0,handleMouseMove
FNDA:0,handleMouseUp
FNDA:0,onClick
FNDA:0,onClick
FNDA:0,onClick
FNDA:0,onClick
FNDA:0,onClick
DA:1,1
DA:10,1
DA:11,1
DA:12,1
DA:15,1
DA:16,1
DA:17,1
DA:19,1
DA:20,1
DA:21,1
DA:23,1
DA:24,0
DA:25,0
DA:26,0
DA:27,0
DA:28,0
DA:29,0
DA:31,1
DA:32,0
DA:33,0
DA:34,0
DA:35,0
DA:36,0
DA:37,0
DA:39,1
DA:40,0
DA:41,0
DA:44,1
DA:45,1
DA:46,1
DA:47,1
DA:48,0
DA:49,0
DA:50,0
DA:51,1
DA:53,1
DA:54,1
DA:55,1
DA:56,1
DA:57,1
DA:58,1
DA:59,1
DA:60,1
DA:62,1
DA:63,1
DA:64,1
DA:66,1
DA:68,1
DA:69,1
DA:70,1
DA:71,1
DA:73,1
DA:75,1
DA:76,1
DA:77,1
DA:78,1
DA:80,1
DA:82,1
DA:83,1
DA:84,1
DA:85,1
DA:87,1
DA:89,1
DA:90,1
DA:91,1
DA:92,1
DA:94,1
DA:95,0
DA:97,1
DA:99,1
DA:100,1
DA:101,1
DA:102,1
DA:103,1
DA:105,1
DA:107,1
DA:108,1
DA:110,1
DA:112,1
LF:79
LH:61
BRDA:15,0,0,1
BRDA:94,1,0,0
BRDA:99,2,0,0
BRDA:16,3,0,1
BRDA:17,4,0,1
BRDA:44,5,0,1
BRF:6
BRH:4
end_of_record
TN:
SF:src/hooks/useZoomPan.ts
FN:1,(empty-report)
FNF:1
FNH:0
FNDA:0,(empty-report)
DA:1,0
DA:3,0
DA:4,0
DA:5,0
DA:7,0
DA:8,0
DA:9,0
DA:10,0
DA:11,0
DA:12,0
DA:14,0
DA:15,0
DA:17,0
DA:18,0
DA:19,0
DA:20,0
DA:22,0
DA:23,0
DA:24,0
DA:25,0
DA:27,0
DA:28,0
DA:30,0
DA:31,0
DA:32,0
DA:33,0
DA:34,0
DA:35,0
DA:36,0
LF:29
LH:0
BRDA:1,0,0,0
BRF:1
BRH:0
end_of_record
TN:
SF:src/states/settingsStore.ts
FN:1,(empty-report)
FNF:1
FNH:0
FNDA:0,(empty-report)
DA:1,0
DA:16,0
DA:17,0
DA:18,0
DA:19,0
DA:20,0
DA:22,0
DA:23,0
DA:25,0
DA:26,0
DA:27,0
LF:11
LH:0
BRDA:1,0,0,0
BRF:1
BRH:0
end_of_record
TN:
SF:src/states/store.ts
FN:1,(empty-report)
FNF:1
FNH:0
FNDA:0,(empty-report)
DA:1,0
DA:10,0
DA:11,0
DA:12,0
DA:13,0
DA:14,0
DA:15,0
LF:7
LH:0
BRDA:1,0,0,0
BRF:1
BRH:0
end_of_record
TN:
SF:src/states/timerStore.ts
FN:1,(empty-report)
FNF:1
FNH:0
FNDA:0,(empty-report)
DA:1,0
DA:3,0
DA:4,0
DA:5,0
DA:6,0
DA:7,0
LF:6
LH:0
BRDA:1,0,0,0
BRF:1
BRH:0
end_of_record
